<?xml version="1.0" encoding="UTF-8"?>
<!-- Generated by org.testng.reporters.JUnitReportReporter -->
<testsuite hostname="NagarjunReddy" failures="0" tests="5" name="suite.SeleniumFramework.LoginTest3" time="14.021" errors="0" timestamp="18 Feb 2024 07:04:06 GMT" skipped="0">
  <testcase classname="suite.SeleniumFramework.LoginTest3" name="TC_Login_05" time="4.430"/>
  <testcase classname="suite.SeleniumFramework.LoginTest3" name="TC_Login_02" time="0.240"/>
  <testcase classname="suite.SeleniumFramework.LoginTest3" name="TC_Login_04" time="4.423"/>
  <testcase classname="suite.SeleniumFramework.LoginTest3" name="TC_Login_01" time="0.745"/>
  <testcase classname="suite.SeleniumFramework.LoginTest3" name="TC_Login_03" time="4.183"/>
</testsuite> <!-- suite.SeleniumFramework.LoginTest3 -->
