<?xml version="1.0" encoding="UTF-8"?>
<!-- Generated by org.testng.reporters.JUnitReportReporter -->
<testsuite hostname="NagarjunReddy" failures="0" tests="5" name="suite.SeleniumFramework.LoginTest2" time="14.277" errors="0" timestamp="21 Feb 2024 05:07:10 GMT" skipped="0">
  <testcase classname="suite.SeleniumFramework.LoginTest2" name="TC_Login_01" time="0.147"/>
  <testcase classname="suite.SeleniumFramework.LoginTest2" name="TC_Login_05" time="4.269"/>
  <testcase classname="suite.SeleniumFramework.LoginTest2" name="TC_Login_03" time="3.386"/>
  <testcase classname="suite.SeleniumFramework.LoginTest2" name="TC_Login_04" time="3.303"/>
  <testcase classname="suite.SeleniumFramework.LoginTest2" name="TC_Login_02" time="3.172"/>
</testsuite> <!-- suite.SeleniumFramework.LoginTest2 -->
