<?xml version="1.0" encoding="UTF-8"?>
<!-- Generated by org.testng.reporters.JUnitReportReporter -->
<testsuite hostname="NagarjunReddy" failures="0" tests="5" name="suite.SeleniumFramework.LoginTest" time="16.219" errors="0" timestamp="21 Feb 2024 05:02:25 GMT" skipped="0">
  <testcase classname="suite.SeleniumFramework.LoginTest" name="TC_Login_01" time="0.180"/>
  <testcase classname="suite.SeleniumFramework.LoginTest" name="TC_Login_02" time="3.173"/>
  <testcase classname="suite.SeleniumFramework.LoginTest" name="TC_Login_05" time="4.201"/>
  <testcase classname="suite.SeleniumFramework.LoginTest" name="TC_Login_03" time="5.404"/>
  <testcase classname="suite.SeleniumFramework.LoginTest" name="TC_Login_04" time="3.261"/>
</testsuite> <!-- suite.SeleniumFramework.LoginTest -->
