<?xml version="1.0" encoding="UTF-8"?>
<!-- Generated by org.testng.reporters.JUnitReportReporter -->
<testsuite hostname="NagarjunReddy" failures="0" tests="5" name="suite.SeleniumFramework.LoginTest3" time="12.039" errors="0" timestamp="21 Feb 2024 05:12:13 GMT" skipped="0">
  <testcase classname="suite.SeleniumFramework.LoginTest3" name="TC_Login_05" time="4.395"/>
  <testcase classname="suite.SeleniumFramework.LoginTest3" name="TC_Login_02" time="0.160"/>
  <testcase classname="suite.SeleniumFramework.LoginTest3" name="TC_Login_04" time="3.296"/>
  <testcase classname="suite.SeleniumFramework.LoginTest3" name="TC_Login_01" time="0.206"/>
  <testcase classname="suite.SeleniumFramework.LoginTest3" name="TC_Login_03" time="3.982"/>
</testsuite> <!-- suite.SeleniumFramework.LoginTest3 -->
