<?xml version="1.0" encoding="UTF-8"?>
<!-- Generated by org.testng.reporters.JUnitReportReporter -->
<testsuite hostname="NagarjunReddy" failures="0" tests="5" name="suite.SeleniumFramework.LoginTest2" time="16.081" errors="0" timestamp="18 Feb 2024 07:00:07 GMT" skipped="0">
  <testcase classname="suite.SeleniumFramework.LoginTest2" name="TC_Login_01" time="0.709"/>
  <testcase classname="suite.SeleniumFramework.LoginTest2" name="TC_Login_05" time="4.294"/>
  <testcase classname="suite.SeleniumFramework.LoginTest2" name="TC_Login_03" time="3.488"/>
  <testcase classname="suite.SeleniumFramework.LoginTest2" name="TC_Login_04" time="4.317"/>
  <testcase classname="suite.SeleniumFramework.LoginTest2" name="TC_Login_02" time="3.273"/>
</testsuite> <!-- suite.SeleniumFramework.LoginTest2 -->
