<?xml version="1.0" encoding="UTF-8"?>
<!-- Generated by org.testng.reporters.JUnitReportReporter -->
<testsuite hostname="NagarjunReddy" failures="0" tests="5" name="suite.SeleniumFramework.LoginTest2" time="15.211" errors="0" timestamp="21 Feb 2024 05:26:59 GMT" skipped="0">
  <testcase classname="suite.SeleniumFramework.LoginTest2" name="TC_Login_02" time="3.192"/>
  <testcase classname="suite.SeleniumFramework.LoginTest2" name="TC_Login_04" time="4.281"/>
  <testcase classname="suite.SeleniumFramework.LoginTest2" name="TC_Login_03" time="3.345"/>
  <testcase classname="suite.SeleniumFramework.LoginTest2" name="TC_Login_05" time="4.267"/>
  <testcase classname="suite.SeleniumFramework.LoginTest2" name="TC_Login_01" time="0.126"/>
</testsuite> <!-- suite.SeleniumFramework.LoginTest2 -->
